# JRE version: OpenJDK Runtime Environment Temurin-21.0.10+7 (21.0.10+7) (build 21.0.10+7-LTS)
# Java VM: OpenJDK 64-Bit Server VM Temurin-21.0.10+7 (21.0.10+7-LTS, mixed mode, tiered, compressed oops, compressed class ptrs, g1 gc, windows-amd64)
GC Precious Log:
 CardTable entry size: 512
 Card Set container configuration: InlinePtr #cards 5 size 8 Array Of Cards #cards 12 size 40 Howl #buckets 4 coarsen threshold 1843 Howl Bitmap #cards 512 size 80 coarsen threshold 460 Card regions per heap region 1 cards per card region 2048
 CPUs: 16 total, 16 available
 Memory: 16071M
 Large Page Support: Disabled
 NUMA Support: Disabled
 Compressed Oops: Enabled (32-bit)
 Heap Region Size: 1M
 Heap Min Capacity: 64M
 Heap Initial Capacity: 64M
 Heap Max Capacity: 2G
 Pre-touch: Disabled
 Parallel Workers: 13
 Concurrent Workers: 3
 Concurrent Refinement Workers: 13
 Periodic GC: Disabled
Heap:
 garbage-first heap   total 256000K, used 141201K [0x0000000080000000, 0x0000000100000000)
  region size 1024K, 9 young (9216K), 9 survivors (9216K)
 Metaspace       used 24331K, committed 24576K, reserved 1114112K
  class space    used 2343K, committed 2432K, reserved 1048576K
GC Heap History (20 events):
Event: 8.034 GC heap after
{Heap after GC invocations=10 (full 0):
 garbage-first heap   total 83968K, used 42788K [0x0000000080000000, 0x0000000100000000)
  region size 1024K, 4 young (4096K), 4 survivors (4096K)
 Metaspace       used 23665K, committed 23936K, reserved 1114112K
  class space    used 2282K, committed 2432K, reserved 1048576K
}
Event: 8.432 GC heap before
{Heap before GC invocations=10 (full 0):
 garbage-first heap   total 83968K, used 62244K [0x0000000080000000, 0x0000000100000000)
  region size 1024K, 24 young (24576K), 4 survivors (4096K)
 Metaspace       used 23779K, committed 24064K, reserved 1114112K
  class space    used 2292K, committed 2432K, reserved 1048576K
}
Event: 8.449 GC heap after
{Heap after GC invocations=11 (full 0):
 garbage-first heap   total 120832K, used 45498K [0x0000000080000000, 0x0000000100000000)
  region size 1024K, 3 young (3072K), 3 survivors (3072K)
 Metaspace       used 23779K, committed 24064K, reserved 1114112K
  class space    used 2292K, committed 2432K, reserved 1048576K
}
Event: 9.329 GC heap before
{Heap before GC invocations=11 (full 0):
 garbage-first heap   total 120832K, used 101818K [0x0000000080000000, 0x0000000100000000)
  region size 1024K, 56 young (57344K), 3 survivors (3072K)
 Metaspace       used 24180K, committed 24384K, reserved 1114112K
  class space    used 2335K, committed 2432K, reserved 1048576K
}
Event: 9.372 GC heap after
{Heap after GC invocations=12 (full 0):
 garbage-first heap   total 120832K, used 59392K [0x0000000080000000, 0x0000000100000000)
  region size 1024K, 7 young (7168K), 7 survivors (7168K)
 Metaspace       used 24180K, committed 24384K, reserved 1114112K
  class space    used 2335K, committed 2432K, reserved 1048576K
}
Event: 9.807 GC heap before
{Heap before GC invocations=12 (full 0):
 garbage-first heap   total 120832K, used 102400K [0x0000000080000000, 0x0000000100000000)
  region size 1024K, 47 young (48128K), 7 survivors (7168K)
 Metaspace       used 24188K, committed 24384K, reserved 1114112K
  class space    used 2335K, committed 2432K, reserved 1048576K
}
Event: 9.847 GC heap after
{Heap after GC invocations=13 (full 0):
 garbage-first heap   total 120832K, used 70144K [0x0000000080000000, 0x0000000100000000)
  region size 1024K, 6 young (6144K), 6 survivors (6144K)
 Metaspace       used 24188K, committed 24384K, reserved 1114112K
  class space    used 2335K, committed 2432K, reserved 1048576K
}
Event: 10.072 GC heap before
{Heap before GC invocations=13 (full 0):
 garbage-first heap   total 120832K, used 103936K [0x0000000080000000, 0x0000000100000000)
  region size 1024K, 39 young (39936K), 6 survivors (6144K)
 Metaspace       used 24199K, committed 24448K, reserved 1114112K
  class space    used 2335K, committed 2432K, reserved 1048576K
}
Event: 10.123 GC heap after
{Heap after GC invocations=14 (full 0):
 garbage-first heap   total 120832K, used 77824K [0x0000000080000000, 0x0000000100000000)
  region size 1024K, 5 young (5120K), 5 survivors (5120K)
 Metaspace       used 24199K, committed 24448K, reserved 1114112K
  class space    used 2335K, committed 2432K, reserved 1048576K
}
Event: 10.380 GC heap before
{Heap before GC invocations=15 (full 0):
 garbage-first heap   total 128000K, used 108544K [0x0000000080000000, 0x0000000100000000)
  region size 1024K, 33 young (33792K), 5 survivors (5120K)
 Metaspace       used 24202K, committed 24448K, reserved 1114112K
  class space    used 2335K, committed 2432K, reserved 1048576K
}
Event: 10.420 GC heap after
{Heap after GC invocations=16 (full 0):
 garbage-first heap   total 128000K, used 87040K [0x0000000080000000, 0x0000000100000000)
  region size 1024K, 5 young (5120K), 5 survivors (5120K)
 Metaspace       used 24202K, committed 24448K, reserved 1114112K
  class space    used 2335K, committed 2432K, reserved 1048576K
}
Event: 10.903 GC heap before
{Heap before GC invocations=16 (full 0):
 garbage-first heap   total 128000K, used 114688K [0x0000000080000000, 0x0000000100000000)
  region size 1024K, 31 young (31744K), 5 survivors (5120K)
 Metaspace       used 24252K, committed 24448K, reserved 1114112K
  class space    used 2339K, committed 2432K, reserved 1048576K
}
Event: 10.942 GC heap after
{Heap after GC invocations=17 (full 0):
 garbage-first heap   total 256000K, used 92078K [0x0000000080000000, 0x0000000100000000)
  region size 1024K, 4 young (4096K), 4 survivors (4096K)
 Metaspace       used 24252K, committed 24448K, reserved 1114112K
  class space    used 2339K, committed 2432K, reserved 1048576K
}
Event: 11.764 GC heap before
{Heap before GC invocations=17 (full 0):
 garbage-first heap   total 256000K, used 197550K [0x0000000080000000, 0x0000000100000000)
  region size 1024K, 107 young (109568K), 4 survivors (4096K)
 Metaspace       used 24263K, committed 24448K, reserved 1114112K
  class space    used 2340K, committed 2432K, reserved 1048576K
}
Event: 11.800 GC heap after
{Heap after GC invocations=18 (full 0):
 garbage-first heap   total 256000K, used 109216K [0x0000000080000000, 0x0000000100000000)
  region size 1024K, 14 young (14336K), 14 survivors (14336K)
 Metaspace       used 24263K, committed 24448K, reserved 1114112K
  class space    used 2340K, committed 2432K, reserved 1048576K
}
Event: 12.125 GC heap before
{Heap before GC invocations=18 (full 0):
 garbage-first heap   total 256000K, used 201376K [0x0000000080000000, 0x0000000100000000)
  region size 1024K, 104 young (106496K), 14 survivors (14336K)
 Metaspace       used 24263K, committed 24448K, reserved 1114112K
  class space    used 2340K, committed 2432K, reserved 1048576K
}
Event: 12.155 GC heap after
{Heap after GC invocations=19 (full 0):
 garbage-first heap   total 256000K, used 123392K [0x0000000080000000, 0x0000000100000000)
  region size 1024K, 13 young (13312K), 13 survivors (13312K)
 Metaspace       used 24263K, committed 24448K, reserved 1114112K
  class space    used 2340K, committed 2432K, reserved 1048576K
}
Event: 12.791 GC heap before
{Heap before GC invocations=19 (full 0):
 garbage-first heap   total 256000K, used 211456K [0x0000000080000000, 0x0000000100000000)
  region size 1024K, 99 young (101376K), 13 survivors (13312K)
 Metaspace       used 24289K, committed 24448K, reserved 1114112K
  class space    used 2341K, committed 2432K, reserved 1048576K
}
Event: 12.808 GC heap after
{Heap after GC invocations=20 (full 0):
 garbage-first heap   total 256000K, used 132257K [0x0000000080000000, 0x0000000100000000)
  region size 1024K, 10 young (10240K), 10 survivors (10240K)
 Metaspace       used 24289K, committed 24448K, reserved 1114112K
  class space    used 2341K, committed 2432K, reserved 1048576K
}
Event: 13.261 GC heap before
{Heap before GC invocations=20 (full 0):
 garbage-first heap   total 256000K, used 201889K [0x0000000080000000, 0x0000000100000000)
  region size 1024K, 79 young (80896K), 10 survivors (10240K)
 Metaspace       used 24331K, committed 24576K, reserved 1114112K
  class space    used 2343K, committed 2432K, reserved 1048576K
}

