# JRE version: OpenJDK Runtime Environment Temurin-21.0.10+7 (21.0.10+7) (build 21.0.10+7-LTS)
# Java VM: OpenJDK 64-Bit Server VM Temurin-21.0.10+7 (21.0.10+7-LTS, mixed mode, tiered, compressed oops, compressed class ptrs, g1 gc, windows-amd64)
GC Precious Log:
 CardTable entry size: 512
 Card Set container configuration: InlinePtr #cards 5 size 8 Array Of Cards #cards 12 size 40 Howl #buckets 4 coarsen threshold 1843 Howl Bitmap #cards 512 size 80 coarsen threshold 460 Card regions per heap region 1 cards per card region 2048
 CPUs: 16 total, 16 available
 Memory: 16071M
 Large Page Support: Disabled
 NUMA Support: Disabled
 Compressed Oops: Enabled (32-bit)
 Heap Region Size: 1M
 Heap Min Capacity: 64M
 Heap Initial Capacity: 64M
 Heap Max Capacity: 2G
 Pre-touch: Disabled
 Parallel Workers: 13
 Concurrent Workers: 3
 Concurrent Refinement Workers: 13
 Periodic GC: Disabled
Heap:
 garbage-first heap   total 132096K, used 94208K [0x0000000080000000, 0x0000000100000000)
  region size 1024K, 4 young (4096K), 4 survivors (4096K)
 Metaspace       used 24233K, committed 24448K, reserved 1114112K
  class space    used 2339K, committed 2432K, reserved 1048576K
GC Heap History (20 events):
Event: 6.793 GC heap after
{Heap after GC invocations=6 (full 0):
 garbage-first heap   total 65536K, used 25600K [0x0000000080000000, 0x0000000100000000)
  region size 1024K, 3 young (3072K), 3 survivors (3072K)
 Metaspace       used 23240K, committed 23488K, reserved 1114112K
  class space    used 2229K, committed 2304K, reserved 1048576K
}
Event: 7.331 GC heap before
{Heap before GC invocations=6 (full 0):
 garbage-first heap   total 65536K, used 52224K [0x0000000080000000, 0x0000000100000000)
  region size 1024K, 26 young (26624K), 3 survivors (3072K)
 Metaspace       used 23541K, committed 23744K, reserved 1114112K
  class space    used 2267K, committed 2368K, reserved 1048576K
}
Event: 7.350 GC heap after
{Heap after GC invocations=7 (full 0):
 garbage-first heap   total 89088K, used 29254K [0x0000000080000000, 0x0000000100000000)
  region size 1024K, 3 young (3072K), 3 survivors (3072K)
 Metaspace       used 23541K, committed 23744K, reserved 1114112K
  class space    used 2267K, committed 2368K, reserved 1048576K
}
Event: 7.989 GC heap before
{Heap before GC invocations=7 (full 0):
 garbage-first heap   total 89088K, used 70214K [0x0000000080000000, 0x0000000100000000)
  region size 1024K, 43 young (44032K), 3 survivors (3072K)
 Metaspace       used 23573K, committed 23872K, reserved 1114112K
  class space    used 2269K, committed 2432K, reserved 1048576K
}
Event: 8.012 GC heap after
{Heap after GC invocations=8 (full 0):
 garbage-first heap   total 89088K, used 34083K [0x0000000080000000, 0x0000000100000000)
  region size 1024K, 6 young (6144K), 6 survivors (6144K)
 Metaspace       used 23573K, committed 23872K, reserved 1114112K
  class space    used 2269K, committed 2432K, reserved 1048576K
}
Event: 8.620 GC heap before
{Heap before GC invocations=8 (full 0):
 garbage-first heap   total 89088K, used 69923K [0x0000000080000000, 0x0000000100000000)
  region size 1024K, 41 young (41984K), 6 survivors (6144K)
 Metaspace       used 23588K, committed 23872K, reserved 1114112K
  class space    used 2272K, committed 2432K, reserved 1048576K
}
Event: 8.650 GC heap after
{Heap after GC invocations=9 (full 0):
 garbage-first heap   total 89088K, used 39727K [0x0000000080000000, 0x0000000100000000)
  region size 1024K, 5 young (5120K), 5 survivors (5120K)
 Metaspace       used 23588K, committed 23872K, reserved 1114112K
  class space    used 2272K, committed 2432K, reserved 1048576K
}
Event: 9.254 GC heap before
{Heap before GC invocations=9 (full 0):
 garbage-first heap   total 89088K, used 73519K [0x0000000080000000, 0x0000000100000000)
  region size 1024K, 38 young (38912K), 5 survivors (5120K)
 Metaspace       used 23676K, committed 23936K, reserved 1114112K
  class space    used 2283K, committed 2432K, reserved 1048576K
}
Event: 9.280 GC heap after
{Heap after GC invocations=10 (full 0):
 garbage-first heap   total 89088K, used 44544K [0x0000000080000000, 0x0000000100000000)
  region size 1024K, 5 young (5120K), 5 survivors (5120K)
 Metaspace       used 23676K, committed 23936K, reserved 1114112K
  class space    used 2283K, committed 2432K, reserved 1048576K
}
Event: 9.642 GC heap before
{Heap before GC invocations=10 (full 0):
 garbage-first heap   total 89088K, used 55808K [0x0000000080000000, 0x0000000100000000)
  region size 1024K, 17 young (17408K), 5 survivors (5120K)
 Metaspace       used 23770K, committed 24064K, reserved 1114112K
  class space    used 2292K, committed 2432K, reserved 1048576K
}
Event: 9.662 GC heap after
{Heap after GC invocations=11 (full 0):
 garbage-first heap   total 124928K, used 45829K [0x0000000080000000, 0x0000000100000000)
  region size 1024K, 2 young (2048K), 2 survivors (2048K)
 Metaspace       used 23770K, committed 24064K, reserved 1114112K
  class space    used 2292K, committed 2432K, reserved 1048576K
}
Event: 10.504 GC heap before
{Heap before GC invocations=11 (full 0):
 garbage-first heap   total 124928K, used 106245K [0x0000000080000000, 0x0000000100000000)
  region size 1024K, 59 young (60416K), 2 survivors (2048K)
 Metaspace       used 24161K, committed 24384K, reserved 1114112K
  class space    used 2335K, committed 2432K, reserved 1048576K
}
Event: 10.546 GC heap after
{Heap after GC invocations=12 (full 0):
 garbage-first heap   total 124928K, used 60308K [0x0000000080000000, 0x0000000100000000)
  region size 1024K, 8 young (8192K), 8 survivors (8192K)
 Metaspace       used 24161K, committed 24384K, reserved 1114112K
  class space    used 2335K, committed 2432K, reserved 1048576K
}
Event: 10.853 GC heap before
{Heap before GC invocations=12 (full 0):
 garbage-first heap   total 124928K, used 105364K [0x0000000080000000, 0x0000000100000000)
  region size 1024K, 50 young (51200K), 8 survivors (8192K)
 Metaspace       used 24174K, committed 24384K, reserved 1114112K
  class space    used 2335K, committed 2432K, reserved 1048576K
}
Event: 10.907 GC heap after
{Heap after GC invocations=13 (full 0):
 garbage-first heap   total 124928K, used 71680K [0x0000000080000000, 0x0000000100000000)
  region size 1024K, 7 young (7168K), 7 survivors (7168K)
 Metaspace       used 24174K, committed 24384K, reserved 1114112K
  class space    used 2335K, committed 2432K, reserved 1048576K
}
Event: 11.178 GC heap before
{Heap before GC invocations=13 (full 0):
 garbage-first heap   total 124928K, used 107520K [0x0000000080000000, 0x0000000100000000)
  region size 1024K, 42 young (43008K), 7 survivors (7168K)
 Metaspace       used 24180K, committed 24384K, reserved 1114112K
  class space    used 2335K, committed 2432K, reserved 1048576K
}
Event: 11.236 GC heap after
{Heap after GC invocations=14 (full 0):
 garbage-first heap   total 124928K, used 79872K [0x0000000080000000, 0x0000000100000000)
  region size 1024K, 6 young (6144K), 6 survivors (6144K)
 Metaspace       used 24180K, committed 24384K, reserved 1114112K
  class space    used 2335K, committed 2432K, reserved 1048576K
}
Event: 11.577 GC heap before
{Heap before GC invocations=15 (full 0):
 garbage-first heap   total 132096K, used 111616K [0x0000000080000000, 0x0000000100000000)
  region size 1024K, 35 young (35840K), 6 survivors (6144K)
 Metaspace       used 24183K, committed 24384K, reserved 1114112K
  class space    used 2335K, committed 2432K, reserved 1048576K
}
Event: 11.618 GC heap after
{Heap after GC invocations=16 (full 0):
 garbage-first heap   total 132096K, used 89600K [0x0000000080000000, 0x0000000100000000)
  region size 1024K, 5 young (5120K), 5 survivors (5120K)
 Metaspace       used 24183K, committed 24384K, reserved 1114112K
  class space    used 2335K, committed 2432K, reserved 1048576K
}
Event: 12.278 GC heap before
{Heap before GC invocations=16 (full 0):
 garbage-first heap   total 132096K, used 118272K [0x0000000080000000, 0x0000000100000000)
  region size 1024K, 32 young (32768K), 5 survivors (5120K)
 Metaspace       used 24233K, committed 24448K, reserved 1114112K
  class space    used 2339K, committed 2432K, reserved 1048576K
}

