# JRE version: OpenJDK Runtime Environment Temurin-21.0.10+7 (21.0.10+7) (build 21.0.10+7-LTS)
# Java VM: OpenJDK 64-Bit Server VM Temurin-21.0.10+7 (21.0.10+7-LTS, mixed mode, tiered, compressed oops, compressed class ptrs, g1 gc, windows-amd64)
GC Precious Log:
 CardTable entry size: 512
 Card Set container configuration: InlinePtr #cards 5 size 8 Array Of Cards #cards 12 size 40 Howl #buckets 4 coarsen threshold 1843 Howl Bitmap #cards 512 size 80 coarsen threshold 460 Card regions per heap region 1 cards per card region 2048
 CPUs: 16 total, 16 available
 Memory: 16071M
 Large Page Support: Disabled
 NUMA Support: Disabled
 Compressed Oops: Enabled (32-bit)
 Heap Region Size: 1M
 Heap Min Capacity: 64M
 Heap Initial Capacity: 64M
 Heap Max Capacity: 2G
 Pre-touch: Disabled
 Parallel Workers: 13
 Concurrent Workers: 3
 Concurrent Refinement Workers: 13
 Periodic GC: Disabled
Heap:
 garbage-first heap   total 128000K, used 77578K [0x0000000080000000, 0x0000000100000000)
  region size 1024K, 23 young (23552K), 8 survivors (8192K)
 Metaspace       used 24193K, committed 24448K, reserved 1114112K
  class space    used 2335K, committed 2432K, reserved 1048576K
GC Heap History (20 events):
Event: 3.115 GC heap before
{Heap before GC invocations=1 (full 0):
 garbage-first heap   total 65536K, used 22944K [0x0000000080000000, 0x0000000100000000)
  region size 1024K, 20 young (20480K), 3 survivors (3072K)
 Metaspace       used 21284K, committed 21504K, reserved 1114112K
  class space    used 2047K, committed 2176K, reserved 1048576K
}
Event: 3.129 GC heap after
{Heap after GC invocations=2 (full 0):
 garbage-first heap   total 65536K, used 10392K [0x0000000080000000, 0x0000000100000000)
  region size 1024K, 3 young (3072K), 3 survivors (3072K)
 Metaspace       used 21284K, committed 21504K, reserved 1114112K
  class space    used 2047K, committed 2176K, reserved 1048576K
}
Event: 4.498 GC heap before
{Heap before GC invocations=3 (full 0):
 garbage-first heap   total 65536K, used 37016K [0x0000000080000000, 0x0000000100000000)
  region size 1024K, 29 young (29696K), 3 survivors (3072K)
 Metaspace       used 23116K, committed 23296K, reserved 1114112K
  class space    used 2224K, committed 2304K, reserved 1048576K
}
Event: 4.525 GC heap after
{Heap after GC invocations=4 (full 0):
 garbage-first heap   total 65536K, used 18857K [0x0000000080000000, 0x0000000100000000)
  region size 1024K, 4 young (4096K), 4 survivors (4096K)
 Metaspace       used 23116K, committed 23296K, reserved 1114112K
  class space    used 2224K, committed 2304K, reserved 1048576K
}
Event: 5.182 GC heap before
{Heap before GC invocations=4 (full 0):
 garbage-first heap   total 65536K, used 41385K [0x0000000080000000, 0x0000000100000000)
  region size 1024K, 26 young (26624K), 4 survivors (4096K)
 Metaspace       used 23243K, committed 23488K, reserved 1114112K
  class space    used 2229K, committed 2304K, reserved 1048576K
}
Event: 5.204 GC heap after
{Heap after GC invocations=5 (full 0):
 garbage-first heap   total 65536K, used 22187K [0x0000000080000000, 0x0000000100000000)
  region size 1024K, 3 young (3072K), 3 survivors (3072K)
 Metaspace       used 23243K, committed 23488K, reserved 1114112K
  class space    used 2229K, committed 2304K, reserved 1048576K
}
Event: 5.508 GC heap before
{Heap before GC invocations=5 (full 0):
 garbage-first heap   total 65536K, used 45739K [0x0000000080000000, 0x0000000100000000)
  region size 1024K, 26 young (26624K), 3 survivors (3072K)
 Metaspace       used 23265K, committed 23488K, reserved 1114112K
  class space    used 2229K, committed 2304K, reserved 1048576K
}
Event: 5.524 GC heap after
{Heap after GC invocations=6 (full 0):
 garbage-first heap   total 65536K, used 25495K [0x0000000080000000, 0x0000000100000000)
  region size 1024K, 3 young (3072K), 3 survivors (3072K)
 Metaspace       used 23265K, committed 23488K, reserved 1114112K
  class space    used 2229K, committed 2304K, reserved 1048576K
}
Event: 5.992 GC heap before
{Heap before GC invocations=6 (full 0):
 garbage-first heap   total 65536K, used 53143K [0x0000000080000000, 0x0000000100000000)
  region size 1024K, 26 young (26624K), 3 survivors (3072K)
 Metaspace       used 23565K, committed 23744K, reserved 1114112K
  class space    used 2268K, committed 2368K, reserved 1048576K
}
Event: 6.011 GC heap after
{Heap after GC invocations=7 (full 0):
 garbage-first heap   total 88064K, used 29258K [0x0000000080000000, 0x0000000100000000)
  region size 1024K, 3 young (3072K), 3 survivors (3072K)
 Metaspace       used 23565K, committed 23744K, reserved 1114112K
  class space    used 2268K, committed 2368K, reserved 1048576K
}
Event: 6.716 GC heap before
{Heap before GC invocations=7 (full 0):
 garbage-first heap   total 88064K, used 70218K [0x0000000080000000, 0x0000000100000000)
  region size 1024K, 43 young (44032K), 3 survivors (3072K)
 Metaspace       used 23597K, committed 23872K, reserved 1114112K
  class space    used 2270K, committed 2432K, reserved 1048576K
}
Event: 6.741 GC heap after
{Heap after GC invocations=8 (full 0):
 garbage-first heap   total 88064K, used 34379K [0x0000000080000000, 0x0000000100000000)
  region size 1024K, 6 young (6144K), 6 survivors (6144K)
 Metaspace       used 23597K, committed 23872K, reserved 1114112K
  class space    used 2270K, committed 2432K, reserved 1048576K
}
Event: 7.221 GC heap before
{Heap before GC invocations=8 (full 0):
 garbage-first heap   total 88064K, used 70219K [0x0000000080000000, 0x0000000100000000)
  region size 1024K, 41 young (41984K), 6 survivors (6144K)
 Metaspace       used 23610K, committed 23872K, reserved 1114112K
  class space    used 2272K, committed 2432K, reserved 1048576K
}
Event: 7.254 GC heap after
{Heap after GC invocations=9 (full 0):
 garbage-first heap   total 88064K, used 39744K [0x0000000080000000, 0x0000000100000000)
  region size 1024K, 5 young (5120K), 5 survivors (5120K)
 Metaspace       used 23610K, committed 23872K, reserved 1114112K
  class space    used 2272K, committed 2432K, reserved 1048576K
}
Event: 7.855 GC heap before
{Heap before GC invocations=9 (full 0):
 garbage-first heap   total 88064K, used 72512K [0x0000000080000000, 0x0000000100000000)
  region size 1024K, 37 young (37888K), 5 survivors (5120K)
 Metaspace       used 23708K, committed 24000K, reserved 1114112K
  class space    used 2284K, committed 2432K, reserved 1048576K
}
Event: 7.883 GC heap after
{Heap after GC invocations=10 (full 0):
 garbage-first heap   total 88064K, used 44454K [0x0000000080000000, 0x0000000100000000)
  region size 1024K, 5 young (5120K), 5 survivors (5120K)
 Metaspace       used 23708K, committed 24000K, reserved 1114112K
  class space    used 2284K, committed 2432K, reserved 1048576K
}
Event: 8.098 GC heap before
{Heap before GC invocations=10 (full 0):
 garbage-first heap   total 88064K, used 54694K [0x0000000080000000, 0x0000000100000000)
  region size 1024K, 16 young (16384K), 5 survivors (5120K)
 Metaspace       used 23796K, committed 24064K, reserved 1114112K
  class space    used 2293K, committed 2432K, reserved 1048576K
}
Event: 8.115 GC heap after
{Heap after GC invocations=11 (full 0):
 garbage-first heap   total 128000K, used 45831K [0x0000000080000000, 0x0000000100000000)
  region size 1024K, 2 young (2048K), 2 survivors (2048K)
 Metaspace       used 23796K, committed 24064K, reserved 1114112K
  class space    used 2293K, committed 2432K, reserved 1048576K
}
Event: 9.078 GC heap before
{Heap before GC invocations=11 (full 0):
 garbage-first heap   total 128000K, used 108295K [0x0000000080000000, 0x0000000100000000)
  region size 1024K, 61 young (62464K), 2 survivors (2048K)
 Metaspace       used 24189K, committed 24384K, reserved 1114112K
  class space    used 2335K, committed 2432K, reserved 1048576K
}
Event: 9.111 GC heap after
{Heap after GC invocations=12 (full 0):
 garbage-first heap   total 128000K, used 61194K [0x0000000080000000, 0x0000000100000000)
  region size 1024K, 8 young (8192K), 8 survivors (8192K)
 Metaspace       used 24189K, committed 24384K, reserved 1114112K
  class space    used 2335K, committed 2432K, reserved 1048576K
}

