# JRE version: OpenJDK Runtime Environment Temurin-21.0.10+7 (21.0.10+7) (build 21.0.10+7-LTS)
# Java VM: OpenJDK 64-Bit Server VM Temurin-21.0.10+7 (21.0.10+7-LTS, mixed mode, tiered, compressed oops, compressed class ptrs, g1 gc, windows-amd64)
GC Precious Log:
 CardTable entry size: 512
 Card Set container configuration: InlinePtr #cards 5 size 8 Array Of Cards #cards 12 size 40 Howl #buckets 4 coarsen threshold 1843 Howl Bitmap #cards 512 size 80 coarsen threshold 460 Card regions per heap region 1 cards per card region 2048
 CPUs: 16 total, 16 available
 Memory: 16071M
 Large Page Support: Disabled
 NUMA Support: Disabled
 Compressed Oops: Enabled (32-bit)
 Heap Region Size: 1M
 Heap Min Capacity: 64M
 Heap Initial Capacity: 64M
 Heap Max Capacity: 2G
 Pre-touch: Disabled
 Parallel Workers: 13
 Concurrent Workers: 3
 Concurrent Refinement Workers: 13
 Periodic GC: Disabled
Heap:
 garbage-first heap   total 253952K, used 140512K [0x0000000080000000, 0x0000000100000000)
  region size 1024K, 9 young (9216K), 9 survivors (9216K)
 Metaspace       used 24273K, committed 24448K, reserved 1114112K
  class space    used 2340K, committed 2432K, reserved 1048576K
GC Heap History (20 events):
Event: 8.606 GC heap after
{Heap after GC invocations=10 (full 0):
 garbage-first heap   total 84992K, used 42411K [0x0000000080000000, 0x0000000100000000)
  region size 1024K, 4 young (4096K), 4 survivors (4096K)
 Metaspace       used 23656K, committed 23936K, reserved 1114112K
  class space    used 2281K, committed 2432K, reserved 1048576K
}
Event: 9.026 GC heap before
{Heap before GC invocations=10 (full 0):
 garbage-first heap   total 84992K, used 60843K [0x0000000080000000, 0x0000000100000000)
  region size 1024K, 23 young (23552K), 4 survivors (4096K)
 Metaspace       used 23770K, committed 24064K, reserved 1114112K
  class space    used 2292K, committed 2432K, reserved 1048576K
}
Event: 9.044 GC heap after
{Heap after GC invocations=11 (full 0):
 garbage-first heap   total 114688K, used 45710K [0x0000000080000000, 0x0000000100000000)
  region size 1024K, 3 young (3072K), 3 survivors (3072K)
 Metaspace       used 23770K, committed 24064K, reserved 1114112K
  class space    used 2292K, committed 2432K, reserved 1048576K
}
Event: 9.860 GC heap before
{Heap before GC invocations=11 (full 0):
 garbage-first heap   total 114688K, used 95886K [0x0000000080000000, 0x0000000100000000)
  region size 1024K, 50 young (51200K), 3 survivors (3072K)
 Metaspace       used 24079K, committed 24320K, reserved 1114112K
  class space    used 2324K, committed 2432K, reserved 1048576K
}
Event: 9.902 GC heap after
{Heap after GC invocations=12 (full 0):
 garbage-first heap   total 114688K, used 57856K [0x0000000080000000, 0x0000000100000000)
  region size 1024K, 7 young (7168K), 7 survivors (7168K)
 Metaspace       used 24079K, committed 24320K, reserved 1114112K
  class space    used 2324K, committed 2432K, reserved 1048576K
}
Event: 10.287 GC heap before
{Heap before GC invocations=12 (full 0):
 garbage-first heap   total 114688K, used 85504K [0x0000000080000000, 0x0000000100000000)
  region size 1024K, 35 young (35840K), 7 survivors (7168K)
 Metaspace       used 24173K, committed 24384K, reserved 1114112K
  class space    used 2335K, committed 2432K, reserved 1048576K
}
Event: 10.332 GC heap after
{Heap after GC invocations=13 (full 0):
 garbage-first heap   total 114688K, used 64512K [0x0000000080000000, 0x0000000100000000)
  region size 1024K, 6 young (6144K), 6 survivors (6144K)
 Metaspace       used 24173K, committed 24384K, reserved 1114112K
  class space    used 2335K, committed 2432K, reserved 1048576K
}
Event: 10.603 GC heap before
{Heap before GC invocations=14 (full 0):
 garbage-first heap   total 114688K, used 100352K [0x0000000080000000, 0x0000000100000000)
  region size 1024K, 39 young (39936K), 6 survivors (6144K)
 Metaspace       used 24182K, committed 24384K, reserved 1114112K
  class space    used 2335K, committed 2432K, reserved 1048576K
}
Event: 10.643 GC heap after
{Heap after GC invocations=15 (full 0):
 garbage-first heap   total 114688K, used 74752K [0x0000000080000000, 0x0000000100000000)
  region size 1024K, 5 young (5120K), 5 survivors (5120K)
 Metaspace       used 24182K, committed 24384K, reserved 1114112K
  class space    used 2335K, committed 2432K, reserved 1048576K
}
Event: 10.743 GC heap before
{Heap before GC invocations=15 (full 0):
 garbage-first heap   total 114688K, used 100352K [0x0000000080000000, 0x0000000100000000)
  region size 1024K, 30 young (30720K), 5 survivors (5120K)
 Metaspace       used 24182K, committed 24384K, reserved 1114112K
  class space    used 2335K, committed 2432K, reserved 1048576K
}
Event: 10.789 GC heap after
{Heap after GC invocations=16 (full 0):
 garbage-first heap   total 114688K, used 79872K [0x0000000080000000, 0x0000000100000000)
  region size 1024K, 4 young (4096K), 4 survivors (4096K)
 Metaspace       used 24182K, committed 24384K, reserved 1114112K
  class space    used 2335K, committed 2432K, reserved 1048576K
}
Event: 10.828 GC heap before
{Heap before GC invocations=16 (full 0):
 garbage-first heap   total 114688K, used 90112K [0x0000000080000000, 0x0000000100000000)
  region size 1024K, 15 young (15360K), 4 survivors (4096K)
 Metaspace       used 24183K, committed 24384K, reserved 1114112K
  class space    used 2335K, committed 2432K, reserved 1048576K
}
Event: 10.863 GC heap after
{Heap after GC invocations=17 (full 0):
 garbage-first heap   total 253952K, used 83313K [0x0000000080000000, 0x0000000100000000)
  region size 1024K, 3 young (3072K), 3 survivors (3072K)
 Metaspace       used 24183K, committed 24384K, reserved 1114112K
  class space    used 2335K, committed 2432K, reserved 1048576K
}
Event: 11.827 GC heap before
{Heap before GC invocations=17 (full 0):
 garbage-first heap   total 253952K, used 194929K [0x0000000080000000, 0x0000000100000000)
  region size 1024K, 109 young (111616K), 3 survivors (3072K)
 Metaspace       used 24236K, committed 24448K, reserved 1114112K
  class space    used 2339K, committed 2432K, reserved 1048576K
}
Event: 11.875 GC heap after
{Heap after GC invocations=18 (full 0):
 garbage-first heap   total 253952K, used 107308K [0x0000000080000000, 0x0000000100000000)
  region size 1024K, 14 young (14336K), 14 survivors (14336K)
 Metaspace       used 24236K, committed 24448K, reserved 1114112K
  class space    used 2339K, committed 2432K, reserved 1048576K
}
Event: 12.198 GC heap before
{Heap before GC invocations=18 (full 0):
 garbage-first heap   total 253952K, used 197420K [0x0000000080000000, 0x0000000100000000)
  region size 1024K, 102 young (104448K), 14 survivors (14336K)
 Metaspace       used 24247K, committed 24448K, reserved 1114112K
  class space    used 2339K, committed 2432K, reserved 1048576K
}
Event: 12.239 GC heap after
{Heap after GC invocations=19 (full 0):
 garbage-first heap   total 253952K, used 120832K [0x0000000080000000, 0x0000000100000000)
  region size 1024K, 12 young (12288K), 12 survivors (12288K)
 Metaspace       used 24247K, committed 24448K, reserved 1114112K
  class space    used 2339K, committed 2432K, reserved 1048576K
}
Event: 12.638 GC heap before
{Heap before GC invocations=19 (full 0):
 garbage-first heap   total 253952K, used 207872K [0x0000000080000000, 0x0000000100000000)
  region size 1024K, 97 young (99328K), 12 survivors (12288K)
 Metaspace       used 24271K, committed 24448K, reserved 1114112K
  class space    used 2340K, committed 2432K, reserved 1048576K
}
Event: 12.660 GC heap after
{Heap after GC invocations=20 (full 0):
 garbage-first heap   total 253952K, used 131533K [0x0000000080000000, 0x0000000100000000)
  region size 1024K, 10 young (10240K), 10 survivors (10240K)
 Metaspace       used 24271K, committed 24448K, reserved 1114112K
  class space    used 2340K, committed 2432K, reserved 1048576K
}
Event: 13.021 GC heap before
{Heap before GC invocations=20 (full 0):
 garbage-first heap   total 253952K, used 215501K [0x0000000080000000, 0x0000000100000000)
  region size 1024K, 92 young (94208K), 10 survivors (10240K)
 Metaspace       used 24273K, committed 24448K, reserved 1114112K
  class space    used 2340K, committed 2432K, reserved 1048576K
}

